2018/09/28 20:31:54 [error] [exception.CHttpException.404] CHttpException: Unable to resolve the request "medinfi-analytics". in /opt/lampp/htdocs/yii/framework/web/CWebApplication.php:286
Stack trace:
#0 /opt/lampp/htdocs/yii/framework/web/CWebApplication.php(141): CWebApplication->runController('medinfi-analyti...')
#1 /opt/lampp/htdocs/yii/framework/base/CApplication.php(185): CWebApplication->processRequest()
#2 /opt/lampp/htdocs/yii/medinfi-analytics/index.php(13): CApplication->run()
#3 {main}
REQUEST_URI=/yii/medinfi-analytics/index.php?r=medinfi-analytics
---
2018/09/28 21:14:23 [error] [exception.CHttpException.404] CHttpException: Unable to resolve the request "medinfi-analytics". in /opt/lampp/htdocs/yii/framework/web/CWebApplication.php:286
Stack trace:
#0 /opt/lampp/htdocs/yii/framework/web/CWebApplication.php(141): CWebApplication->runController('medinfi-analyti...')
#1 /opt/lampp/htdocs/yii/framework/base/CApplication.php(185): CWebApplication->processRequest()
#2 /opt/lampp/htdocs/yii/medinfi-analytics/index.php(13): CApplication->run()
#3 {main}
REQUEST_URI=/yii/medinfi-analytics/index.php?r=medinfi-analytics
---
2018/09/28 21:19:01 [error] [exception.Error] Error: Access to undeclared static property: Yii::$app in /opt/lampp/htdocs/yii/medinfi-analytics/protected/views/medinfiAnalytics/index.php:19
Stack trace:
#0 /opt/lampp/htdocs/yii/framework/web/CBaseController.php(126): require()
#1 /opt/lampp/htdocs/yii/framework/web/CBaseController.php(95): CBaseController->renderInternal('/opt/lampp/htdo...', NULL, true)
#2 /opt/lampp/htdocs/yii/framework/web/CController.php(872): CBaseController->renderFile('/opt/lampp/htdo...', NULL, true)
#3 /opt/lampp/htdocs/yii/framework/web/CController.php(785): CController->renderPartial('index', NULL, true)
#4 /opt/lampp/htdocs/yii/medinfi-analytics/protected/controllers/MedinfiAnalyticsController.php(7): CController->render('index')
#5 /opt/lampp/htdocs/yii/framework/web/actions/CInlineAction.php(49): MedinfiAnalyticsController->actionIndex()
#6 /opt/lampp/htdocs/yii/framework/web/CController.php(308): CInlineAction->runWithParams(Array)
#7 /opt/lampp/htdocs/yii/framework/web/CController.php(286): CController->runAction(Object(CInlineAction))
#8 /opt/lampp/htdocs/yii/framework/web/CController.php(265): CController->runActionWithFilters(Object(CInlineAction), Array)
#9 /opt/lampp/htdocs/yii/framework/web/CWebApplication.php(282): CController->run('')
#10 /opt/lampp/htdocs/yii/framework/web/CWebApplication.php(141): CWebApplication->runController('medinfiAnalytic...')
#11 /opt/lampp/htdocs/yii/framework/base/CApplication.php(185): CWebApplication->processRequest()
#12 /opt/lampp/htdocs/yii/medinfi-analytics/index.php(13): CApplication->run()
#13 {main}
REQUEST_URI=/yii/medinfi-analytics/index.php?r=medinfiAnalytics
---
